# JRE version: Java(TM) SE Runtime Environment (14.0.2+12) (build 14.0.2+12-46)
# Java VM: Java HotSpot(TM) 64-Bit Server VM (14.0.2+12-46, mixed mode, sharing, tiered, compressed oops, parallel gc, windows-amd64)
Heap:
 PSYoungGen      total 23040K, used 7296K [0x00000000eab00000, 0x00000000ec480000, 0x0000000100000000)
  eden space 22016K, 29% used [0x00000000eab00000,0x00000000eb163ca8,0x00000000ec080000)
  from space 1024K, 73% used [0x00000000ec280000,0x00000000ec33c3c0,0x00000000ec380000)
  to   space 1024K, 0% used [0x00000000ec380000,0x00000000ec380000,0x00000000ec480000)
 ParOldGen       total 68608K, used 31093K [0x00000000c0000000, 0x00000000c4300000, 0x00000000eab00000)
  object space 68608K, 45% used [0x00000000c0000000,0x00000000c1e5d768,0x00000000c4300000)
 Metaspace       used 42455K, capacity 45036K, committed 45312K, reserved 1089536K
  class space    used 4612K, capacity 5585K, committed 5632K, reserved 1048576K
GC Heap History (20 events):
Event: 7.491 GC heap before
{Heap before GC invocations=8 (full 2):
 PSYoungGen      total 29696K, used 25600K [0x00000000eab00000, 0x00000000ed200000, 0x0000000100000000)
  eden space 25600K, 100% used [0x00000000eab00000,0x00000000ec400000,0x00000000ec400000)
  from space 4096K, 0% used [0x00000000ec400000,0x00000000ec400000,0x00000000ec800000)
  to   space 7168K, 0% used [0x00000000ecb00000,0x00000000ecb00000,0x00000000ed200000)
 ParOldGen       total 68608K, used 14952K [0x00000000c0000000, 0x00000000c4300000, 0x00000000eab00000)
  object space 68608K, 21% used [0x00000000c0000000,0x00000000c0e9a068,0x00000000c4300000)
 Metaspace       used 33868K, capacity 36120K, committed 36224K, reserved 1081344K
  class space    used 3632K, capacity 4439K, committed 4480K, reserved 1048576K
}
Event: 7.495 GC heap after
{Heap after GC invocations=8 (full 2):
 PSYoungGen      total 27136K, used 1760K [0x00000000eab00000, 0x00000000ecd00000, 0x0000000100000000)
  eden space 25088K, 0% used [0x00000000eab00000,0x00000000eab00000,0x00000000ec380000)
  from space 2048K, 85% used [0x00000000ecb00000,0x00000000eccb8020,0x00000000ecd00000)
  to   space 3584K, 0% used [0x00000000ec600000,0x00000000ec600000,0x00000000ec980000)
 ParOldGen       total 68608K, used 14952K [0x00000000c0000000, 0x00000000c4300000, 0x00000000eab00000)
  object space 68608K, 21% used [0x00000000c0000000,0x00000000c0e9a068,0x00000000c4300000)
 Metaspace       used 33868K, capacity 36120K, committed 36224K, reserved 1081344K
  class space    used 3632K, capacity 4439K, committed 4480K, reserved 1048576K
}
Event: 7.768 GC heap before
{Heap before GC invocations=9 (full 2):
 PSYoungGen      total 27136K, used 26848K [0x00000000eab00000, 0x00000000ecd00000, 0x0000000100000000)
  eden space 25088K, 100% used [0x00000000eab00000,0x00000000ec380000,0x00000000ec380000)
  from space 2048K, 85% used [0x00000000ecb00000,0x00000000eccb8020,0x00000000ecd00000)
  to   space 3584K, 0% used [0x00000000ec600000,0x00000000ec600000,0x00000000ec980000)
 ParOldGen       total 68608K, used 14952K [0x00000000c0000000, 0x00000000c4300000, 0x00000000eab00000)
  object space 68608K, 21% used [0x00000000c0000000,0x00000000c0e9a068,0x00000000c4300000)
 Metaspace       used 35125K, capacity 37444K, committed 37632K, reserved 1083392K
  class space    used 3783K, capacity 4581K, committed 4608K, reserved 1048576K
}
Event: 7.772 GC heap after
{Heap after GC invocations=9 (full 2):
 PSYoungGen      total 28160K, used 3392K [0x00000000eab00000, 0x00000000ecb80000, 0x0000000100000000)
  eden space 24576K, 0% used [0x00000000eab00000,0x00000000eab00000,0x00000000ec300000)
  from space 3584K, 94% used [0x00000000ec600000,0x00000000ec950020,0x00000000ec980000)
  to   space 2048K, 0% used [0x00000000ec980000,0x00000000ec980000,0x00000000ecb80000)
 ParOldGen       total 68608K, used 14960K [0x00000000c0000000, 0x00000000c4300000, 0x00000000eab00000)
  object space 68608K, 21% used [0x00000000c0000000,0x00000000c0e9c068,0x00000000c4300000)
 Metaspace       used 35125K, capacity 37444K, committed 37632K, reserved 1083392K
  class space    used 3783K, capacity 4581K, committed 4608K, reserved 1048576K
}
Event: 7.905 GC heap before
{Heap before GC invocations=10 (full 2):
 PSYoungGen      total 28160K, used 27968K [0x00000000eab00000, 0x00000000ecb80000, 0x0000000100000000)
  eden space 24576K, 100% used [0x00000000eab00000,0x00000000ec300000,0x00000000ec300000)
  from space 3584K, 94% used [0x00000000ec600000,0x00000000ec950020,0x00000000ec980000)
  to   space 2048K, 0% used [0x00000000ec980000,0x00000000ec980000,0x00000000ecb80000)
 ParOldGen       total 68608K, used 14960K [0x00000000c0000000, 0x00000000c4300000, 0x00000000eab00000)
  object space 68608K, 21% used [0x00000000c0000000,0x00000000c0e9c068,0x00000000c4300000)
 Metaspace       used 36059K, capacity 38448K, committed 38528K, reserved 1083392K
  class space    used 3891K, capacity 4680K, committed 4736K, reserved 1048576K
}
Event: 7.911 GC heap after
{Heap after GC invocations=10 (full 2):
 PSYoungGen      total 26112K, used 2016K [0x00000000eab00000, 0x00000000ece80000, 0x0000000100000000)
  eden space 24064K, 0% used [0x00000000eab00000,0x00000000eab00000,0x00000000ec280000)
  from space 2048K, 98% used [0x00000000ec980000,0x00000000ecb78020,0x00000000ecb80000)
  to   space 6144K, 0% used [0x00000000ec280000,0x00000000ec280000,0x00000000ec880000)
 ParOldGen       total 68608K, used 18200K [0x00000000c0000000, 0x00000000c4300000, 0x00000000eab00000)
  object space 68608K, 26% used [0x00000000c0000000,0x00000000c11c6068,0x00000000c4300000)
 Metaspace       used 36059K, capacity 38448K, committed 38528K, reserved 1083392K
  class space    used 3891K, capacity 4680K, committed 4736K, reserved 1048576K
}
Event: 8.051 GC heap before
{Heap before GC invocations=11 (full 2):
 PSYoungGen      total 26112K, used 26080K [0x00000000eab00000, 0x00000000ece80000, 0x0000000100000000)
  eden space 24064K, 100% used [0x00000000eab00000,0x00000000ec280000,0x00000000ec280000)
  from space 2048K, 98% used [0x00000000ec980000,0x00000000ecb78020,0x00000000ecb80000)
  to   space 6144K, 0% used [0x00000000ec280000,0x00000000ec280000,0x00000000ec880000)
 ParOldGen       total 68608K, used 18200K [0x00000000c0000000, 0x00000000c4300000, 0x00000000eab00000)
  object space 68608K, 26% used [0x00000000c0000000,0x00000000c11c6068,0x00000000c4300000)
 Metaspace       used 37152K, capacity 39498K, committed 39808K, reserved 1083392K
  class space    used 4039K, capacity 4880K, committed 4992K, reserved 1048576K
}
Event: 8.055 GC heap after
{Heap after GC invocations=11 (full 2):
 PSYoungGen      total 27648K, used 3604K [0x00000000eab00000, 0x00000000ecb00000, 0x0000000100000000)
  eden space 23552K, 0% used [0x00000000eab00000,0x00000000eab00000,0x00000000ec200000)
  from space 4096K, 87% used [0x00000000ec280000,0x00000000ec605190,0x00000000ec680000)
  to   space 4608K, 0% used [0x00000000ec680000,0x00000000ec680000,0x00000000ecb00000)
 ParOldGen       total 68608K, used 18640K [0x00000000c0000000, 0x00000000c4300000, 0x00000000eab00000)
  object space 68608K, 27% used [0x00000000c0000000,0x00000000c1234078,0x00000000c4300000)
 Metaspace       used 37152K, capacity 39498K, committed 39808K, reserved 1083392K
  class space    used 4039K, capacity 4880K, committed 4992K, reserved 1048576K
}
Event: 8.164 GC heap before
{Heap before GC invocations=12 (full 2):
 PSYoungGen      total 27648K, used 27156K [0x00000000eab00000, 0x00000000ecb00000, 0x0000000100000000)
  eden space 23552K, 100% used [0x00000000eab00000,0x00000000ec200000,0x00000000ec200000)
  from space 4096K, 87% used [0x00000000ec280000,0x00000000ec605190,0x00000000ec680000)
  to   space 4608K, 0% used [0x00000000ec680000,0x00000000ec680000,0x00000000ecb00000)
 ParOldGen       total 68608K, used 18640K [0x00000000c0000000, 0x00000000c4300000, 0x00000000eab00000)
  object space 68608K, 27% used [0x00000000c0000000,0x00000000c1234078,0x00000000c4300000)
 Metaspace       used 37791K, capacity 40106K, committed 40320K, reserved 1085440K
  class space    used 4132K, capacity 4976K, committed 4992K, reserved 1048576K
}
Event: 8.170 GC heap after
{Heap after GC invocations=12 (full 2):
 PSYoungGen      total 27648K, used 4416K [0x00000000eab00000, 0x00000000ecb00000, 0x0000000100000000)
  eden space 23040K, 0% used [0x00000000eab00000,0x00000000eab00000,0x00000000ec180000)
  from space 4608K, 95% used [0x00000000ec680000,0x00000000ecad0010,0x00000000ecb00000)
  to   space 4608K, 0% used [0x00000000ec200000,0x00000000ec200000,0x00000000ec680000)
 ParOldGen       total 68608K, used 20300K [0x00000000c0000000, 0x00000000c4300000, 0x00000000eab00000)
  object space 68608K, 29% used [0x00000000c0000000,0x00000000c13d3208,0x00000000c4300000)
 Metaspace       used 37791K, capacity 40106K, committed 40320K, reserved 1085440K
  class space    used 4132K, capacity 4976K, committed 4992K, reserved 1048576K
}
Event: 8.340 GC heap before
{Heap before GC invocations=13 (full 2):
 PSYoungGen      total 27648K, used 27456K [0x00000000eab00000, 0x00000000ecb00000, 0x0000000100000000)
  eden space 23040K, 100% used [0x00000000eab00000,0x00000000ec180000,0x00000000ec180000)
  from space 4608K, 95% used [0x00000000ec680000,0x00000000ecad0010,0x00000000ecb00000)
  to   space 4608K, 0% used [0x00000000ec200000,0x00000000ec200000,0x00000000ec680000)
 ParOldGen       total 68608K, used 20300K [0x00000000c0000000, 0x00000000c4300000, 0x00000000eab00000)
  object space 68608K, 29% used [0x00000000c0000000,0x00000000c13d3208,0x00000000c4300000)
 Metaspace       used 38367K, capacity 40657K, committed 40704K, reserved 1085440K
  class space    used 4216K, capacity 5073K, committed 5120K, reserved 1048576K
}
Event: 8.347 GC heap after
{Heap after GC invocations=13 (full 2):
 PSYoungGen      total 25088K, used 2336K [0x00000000eab00000, 0x00000000ec800000, 0x0000000100000000)
  eden space 22528K, 0% used [0x00000000eab00000,0x00000000eab00000,0x00000000ec100000)
  from space 2560K, 91% used [0x00000000ec200000,0x00000000ec448010,0x00000000ec480000)
  to   space 3584K, 0% used [0x00000000ec480000,0x00000000ec480000,0x00000000ec800000)
 ParOldGen       total 68608K, used 24612K [0x00000000c0000000, 0x00000000c4300000, 0x00000000eab00000)
  object space 68608K, 35% used [0x00000000c0000000,0x00000000c1809360,0x00000000c4300000)
 Metaspace       used 38367K, capacity 40657K, committed 40704K, reserved 1085440K
  class space    used 4216K, capacity 5073K, committed 5120K, reserved 1048576K
}
Event: 8.497 GC heap before
{Heap before GC invocations=14 (full 2):
 PSYoungGen      total 25088K, used 24864K [0x00000000eab00000, 0x00000000ec800000, 0x0000000100000000)
  eden space 22528K, 100% used [0x00000000eab00000,0x00000000ec100000,0x00000000ec100000)
  from space 2560K, 91% used [0x00000000ec200000,0x00000000ec448010,0x00000000ec480000)
  to   space 3584K, 0% used [0x00000000ec480000,0x00000000ec480000,0x00000000ec800000)
 ParOldGen       total 68608K, used 24612K [0x00000000c0000000, 0x00000000c4300000, 0x00000000eab00000)
  object space 68608K, 35% used [0x00000000c0000000,0x00000000c1809360,0x00000000c4300000)
 Metaspace       used 38911K, capacity 41265K, committed 41472K, reserved 1085440K
  class space    used 4269K, capacity 5105K, committed 5120K, reserved 1048576K
}
Event: 8.503 GC heap after
{Heap after GC invocations=14 (full 2):
 PSYoungGen      total 24064K, used 1984K [0x00000000eab00000, 0x00000000ec680000, 0x0000000100000000)
  eden space 22016K, 0% used [0x00000000eab00000,0x00000000eab00000,0x00000000ec080000)
  from space 2048K, 96% used [0x00000000ec480000,0x00000000ec670000,0x00000000ec680000)
  to   space 2560K, 0% used [0x00000000ec180000,0x00000000ec180000,0x00000000ec400000)
 ParOldGen       total 68608K, used 26878K [0x00000000c0000000, 0x00000000c4300000, 0x00000000eab00000)
  object space 68608K, 39% used [0x00000000c0000000,0x00000000c1a3fb80,0x00000000c4300000)
 Metaspace       used 38911K, capacity 41265K, committed 41472K, reserved 1085440K
  class space    used 4269K, capacity 5105K, committed 5120K, reserved 1048576K
}
Event: 8.914 GC heap before
{Heap before GC invocations=15 (full 2):
 PSYoungGen      total 24064K, used 24000K [0x00000000eab00000, 0x00000000ec680000, 0x0000000100000000)
  eden space 22016K, 100% used [0x00000000eab00000,0x00000000ec080000,0x00000000ec080000)
  from space 2048K, 96% used [0x00000000ec480000,0x00000000ec670000,0x00000000ec680000)
  to   space 2560K, 0% used [0x00000000ec180000,0x00000000ec180000,0x00000000ec400000)
 ParOldGen       total 68608K, used 26878K [0x00000000c0000000, 0x00000000c4300000, 0x00000000eab00000)
  object space 68608K, 39% used [0x00000000c0000000,0x00000000c1a3fb80,0x00000000c4300000)
 Metaspace       used 39921K, capacity 42342K, committed 42496K, reserved 1087488K
  class space    used 4351K, capacity 5284K, committed 5376K, reserved 1048576K
}
Event: 8.920 GC heap after
{Heap after GC invocations=15 (full 2):
 PSYoungGen      total 24576K, used 2432K [0x00000000eab00000, 0x00000000ec580000, 0x0000000100000000)
  eden space 22016K, 0% used [0x00000000eab00000,0x00000000eab00000,0x00000000ec080000)
  from space 2560K, 95% used [0x00000000ec180000,0x00000000ec3e0000,0x00000000ec400000)
  to   space 1536K, 0% used [0x00000000ec400000,0x00000000ec400000,0x00000000ec580000)
 ParOldGen       total 68608K, used 28749K [0x00000000c0000000, 0x00000000c4300000, 0x00000000eab00000)
  object space 68608K, 41% used [0x00000000c0000000,0x00000000c1c13400,0x00000000c4300000)
 Metaspace       used 39921K, capacity 42342K, committed 42496K, reserved 1087488K
  class space    used 4351K, capacity 5284K, committed 5376K, reserved 1048576K
}
Event: 9.894 GC heap before
{Heap before GC invocations=16 (full 2):
 PSYoungGen      total 24576K, used 24448K [0x00000000eab00000, 0x00000000ec580000, 0x0000000100000000)
  eden space 22016K, 100% used [0x00000000eab00000,0x00000000ec080000,0x00000000ec080000)
  from space 2560K, 95% used [0x00000000ec180000,0x00000000ec3e0000,0x00000000ec400000)
  to   space 1536K, 0% used [0x00000000ec400000,0x00000000ec400000,0x00000000ec580000)
 ParOldGen       total 68608K, used 28749K [0x00000000c0000000, 0x00000000c4300000, 0x00000000eab00000)
  object space 68608K, 41% used [0x00000000c0000000,0x00000000c1c13400,0x00000000c4300000)
 Metaspace       used 39951K, capacity 42345K, committed 42496K, reserved 1087488K
  class space    used 4352K, capacity 5285K, committed 5376K, reserved 1048576K
}
Event: 9.898 GC heap after
{Heap after GC invocations=16 (full 2):
 PSYoungGen      total 22528K, used 96K [0x00000000eab00000, 0x00000000ec480000, 0x0000000100000000)
  eden space 22016K, 0% used [0x00000000eab00000,0x00000000eab00000,0x00000000ec080000)
  from space 512K, 18% used [0x00000000ec400000,0x00000000ec418000,0x00000000ec480000)
  to   space 1024K, 0% used [0x00000000ec280000,0x00000000ec280000,0x00000000ec380000)
 ParOldGen       total 68608K, used 31045K [0x00000000c0000000, 0x00000000c4300000, 0x00000000eab00000)
  object space 68608K, 45% used [0x00000000c0000000,0x00000000c1e51768,0x00000000c4300000)
 Metaspace       used 39951K, capacity 42345K, committed 42496K, reserved 1087488K
  class space    used 4352K, capacity 5285K, committed 5376K, reserved 1048576K
}
Event: 10.217 GC heap before
{Heap before GC invocations=17 (full 2):
 PSYoungGen      total 22528K, used 22112K [0x00000000eab00000, 0x00000000ec480000, 0x0000000100000000)
  eden space 22016K, 100% used [0x00000000eab00000,0x00000000ec080000,0x00000000ec080000)
  from space 512K, 18% used [0x00000000ec400000,0x00000000ec418000,0x00000000ec480000)
  to   space 1024K, 0% used [0x00000000ec280000,0x00000000ec280000,0x00000000ec380000)
 ParOldGen       total 68608K, used 31045K [0x00000000c0000000, 0x00000000c4300000, 0x00000000eab00000)
  object space 68608K, 45% used [0x00000000c0000000,0x00000000c1e51768,0x00000000c4300000)
 Metaspace       used 40562K, capacity 43147K, committed 43392K, reserved 1087488K
  class space    used 4411K, capacity 5380K, committed 5504K, reserved 1048576K
}
Event: 10.219 GC heap after
{Heap after GC invocations=17 (full 2):
 PSYoungGen      total 23040K, used 752K [0x00000000eab00000, 0x00000000ec480000, 0x0000000100000000)
  eden space 22016K, 0% used [0x00000000eab00000,0x00000000eab00000,0x00000000ec080000)
  from space 1024K, 73% used [0x00000000ec280000,0x00000000ec33c3c0,0x00000000ec380000)
  to   space 1024K, 0% used [0x00000000ec380000,0x00000000ec380000,0x00000000ec480000)
 ParOldGen       total 68608K, used 31093K [0x00000000c0000000, 0x00000000c4300000, 0x00000000eab00000)
  object space 68608K, 45% used [0x00000000c0000000,0x00000000c1e5d768,0x00000000c4300000)
 Metaspace       used 40562K, capacity 43147K, committed 43392K, reserved 1087488K
  class space    used 4411K, capacity 5380K, committed 5504K, reserved 1048576K
}

